[2024-05-28 20:12:48] [INFO]    [OmnipathR] Welcome to OmnipathR!
[2024-05-28 20:12:48] [TRACE]   [OmnipathR] Reading JSON from `C:\Users\mique\AppData\Local\cache\OmnipathR/cache.json` (encoding: UTF-8).
[2024-05-28 20:12:48] [TRACE]   [OmnipathR] JSON validation successful: TRUE
[2024-05-28 20:12:48] [INFO]    [OmnipathR] Initialized cache: `C:\Users\mique\AppData\Local\cache\OmnipathR`.
[2024-05-28 20:12:48] [TRACE]   [OmnipathR] Reading JSON from `C:/Users/mique/OneDrive/Escritorio/Documents/07_Universitat/master_bioinfo/MGA_TFM_UOC_2023-2024_28022024/renv/library/R-4.3/x86_64-w64-mingw32/OmnipathR/db/db_def.json` (encoding: UTF-8).
[2024-05-28 20:12:48] [TRACE]   [OmnipathR] JSON validation successful: TRUE
[2024-05-28 20:12:48] [TRACE]   [OmnipathR] Reading JSON from `C:/Users/mique/OneDrive/Escritorio/Documents/07_Universitat/master_bioinfo/MGA_TFM_UOC_2023-2024_28022024/renv/library/R-4.3/x86_64-w64-mingw32/OmnipathR/internal/magic_bytes.json` (encoding: UTF-8).
[2024-05-28 20:12:48] [TRACE]   [OmnipathR] JSON validation successful: TRUE
[2024-05-28 20:12:48] [TRACE]   [OmnipathR] Reading JSON from `C:/Users/mique/OneDrive/Escritorio/Documents/07_Universitat/master_bioinfo/MGA_TFM_UOC_2023-2024_28022024/renv/library/R-4.3/x86_64-w64-mingw32/OmnipathR/internal/urls.json` (encoding: UTF-8).
[2024-05-28 20:12:48] [TRACE]   [OmnipathR] JSON validation successful: TRUE
[2024-05-28 20:12:48] [TRACE]   [OmnipathR] Reading JSON from `C:/Users/mique/OneDrive/Escritorio/Documents/07_Universitat/master_bioinfo/MGA_TFM_UOC_2023-2024_28022024/renv/library/R-4.3/x86_64-w64-mingw32/OmnipathR/internal/id_types.json` (encoding: UTF-8).
[2024-05-28 20:12:48] [TRACE]   [OmnipathR] JSON validation successful: TRUE
[2024-05-28 20:12:55] [INFO]    [OmnipathR] Welcome to OmnipathR!
[2024-05-28 20:12:55] [TRACE]   [OmnipathR] Reading JSON from `C:\Users\mique\AppData\Local\cache\OmnipathR/cache.json` (encoding: UTF-8).
[2024-05-28 20:12:55] [TRACE]   [OmnipathR] JSON validation successful: TRUE
[2024-05-28 20:12:55] [INFO]    [OmnipathR] Initialized cache: `C:\Users\mique\AppData\Local\cache\OmnipathR`.
[2024-05-28 20:12:55] [TRACE]   [OmnipathR] Reading JSON from `C:/Users/mique/OneDrive/Escritorio/Documents/07_Universitat/master_bioinfo/MGA_TFM_UOC_2023-2024_28022024/renv/library/R-4.3/x86_64-w64-mingw32/OmnipathR/db/db_def.json` (encoding: UTF-8).
[2024-05-28 20:12:55] [TRACE]   [OmnipathR] JSON validation successful: TRUE
[2024-05-28 20:12:55] [TRACE]   [OmnipathR] Reading JSON from `C:/Users/mique/OneDrive/Escritorio/Documents/07_Universitat/master_bioinfo/MGA_TFM_UOC_2023-2024_28022024/renv/library/R-4.3/x86_64-w64-mingw32/OmnipathR/internal/magic_bytes.json` (encoding: UTF-8).
[2024-05-28 20:12:55] [TRACE]   [OmnipathR] JSON validation successful: TRUE
[2024-05-28 20:12:55] [TRACE]   [OmnipathR] Reading JSON from `C:/Users/mique/OneDrive/Escritorio/Documents/07_Universitat/master_bioinfo/MGA_TFM_UOC_2023-2024_28022024/renv/library/R-4.3/x86_64-w64-mingw32/OmnipathR/internal/urls.json` (encoding: UTF-8).
[2024-05-28 20:12:55] [TRACE]   [OmnipathR] JSON validation successful: TRUE
[2024-05-28 20:12:55] [TRACE]   [OmnipathR] Reading JSON from `C:/Users/mique/OneDrive/Escritorio/Documents/07_Universitat/master_bioinfo/MGA_TFM_UOC_2023-2024_28022024/renv/library/R-4.3/x86_64-w64-mingw32/OmnipathR/internal/id_types.json` (encoding: UTF-8).
[2024-05-28 20:12:55] [TRACE]   [OmnipathR] JSON validation successful: TRUE
